2025-05-05 00:12:09.193 [JavaFX Application Thread] INFO  o.m.m.backend.config.DatabaseConfig - Initializing HikariCP DataSource: url=jdbc:postgresql://postgresql.r6.websupport.sk:5432/vavadb, user=databazaVava
2025-05-05 00:12:09.204 [JavaFX Application Thread] INFO  com.zaxxer.hikari.HikariDataSource - MyHikariCP - Starting...
2025-05-05 00:12:09.962 [JavaFX Application Thread] INFO  com.zaxxer.hikari.pool.HikariPool - MyHikariCP - Added connection org.postgresql.jdbc.PgConnection@534a542c
2025-05-05 00:12:09.964 [JavaFX Application Thread] INFO  com.zaxxer.hikari.HikariDataSource - MyHikariCP - Start completed.
2025-05-05 00:12:09.965 [JavaFX Application Thread] INFO  o.m.m.backend.config.DatabaseConfig - HikariCP initialized. Pool name: MyHikariCP, MaxPoolSize: 20, MinimumIdle: 2
2025-05-05 00:12:10.012 [JavaFX Application Thread] INFO  o.m.m.backend.service.AuthService - User alice.smith@doc.com authenticated successfully with id=2
2025-05-05 00:12:10.023 [JavaFX Application Thread] INFO  o.m.m.f.controller.LoginController - Login successful, token=jWSfoVgmcTyz-PRYtJHExo-M-2fsUN2LIfWwl3Iu0jqdE5TMbHCjHA
2025-05-05 00:12:10.028 [JavaFX Application Thread] INFO  com.backend.config.DatabaseConfig - Initializing HikariCP DataSource: url=jdbc:postgresql://postgresql.r6.websupport.sk:5432/vavadb, user=databazaVava
2025-05-05 00:12:10.028 [JavaFX Application Thread] INFO  com.zaxxer.hikari.HikariDataSource - MyHikariCP - Starting...
2025-05-05 00:12:10.387 [JavaFX Application Thread] INFO  com.zaxxer.hikari.pool.HikariPool - MyHikariCP - Added connection org.postgresql.jdbc.PgConnection@587acdba
2025-05-05 00:12:10.387 [JavaFX Application Thread] INFO  com.zaxxer.hikari.HikariDataSource - MyHikariCP - Start completed.
2025-05-05 00:12:10.387 [JavaFX Application Thread] INFO  com.backend.config.DatabaseConfig - HikariCP initialized. Pool name: MyHikariCP, MaxPoolSize: 20, MinimumIdle: 2
2025-05-05 00:12:10.420 [JavaFX Application Thread] INFO  o.m.m.b.service.DatabaseService - getOne: retrieved User with id=2
2025-05-05 00:12:10.420 [JavaFX Application Thread] INFO  o.m.m.f.controller.LoginController - Retrieved user: User(id=2, email=alice.smith@doc.com, password_hash=hash_doc1, role_id=2, doctor_id=1, doctor=null, role=null)
2025-05-05 00:12:10.460 [JavaFX Application Thread] INFO  o.m.m.b.service.DatabaseService - getOne: retrieved Role with id=2
2025-05-05 00:12:10.524 [JavaFX Application Thread] INFO  o.m.m.b.service.DatabaseService - getOne: retrieved Doctor with id=1
2025-05-05 00:12:10.558 [JavaFX Application Thread] INFO  o.m.m.b.service.DatabaseService - getAllInGroup: retrieved 1 record(s) from medical_record where doctor_id=1
2025-05-05 00:12:10.602 [JavaFX Application Thread] INFO  o.m.m.b.service.DatabaseService - getOne: retrieved Patient with id=1
2025-05-05 00:12:10.637 [JavaFX Application Thread] INFO  o.m.m.b.service.DatabaseService - getAllInGroup: retrieved 1 record(s) from record_diagnosis where medical_record_id=1
2025-05-05 00:12:10.670 [JavaFX Application Thread] INFO  o.m.m.b.service.DatabaseService - getOne: retrieved Diagnosis with id=1
2025-05-05 00:12:10.702 [JavaFX Application Thread] INFO  o.m.m.b.service.DatabaseService - getOne: retrieved DiagnosisType with id=1
2025-05-05 00:12:10.754 [JavaFX Application Thread] INFO  o.m.m.b.service.DatabaseService - getAllInGroup: retrieved 1 record(s) from prescription where medical_record_id=1
2025-05-05 00:12:10.788 [JavaFX Application Thread] INFO  o.m.m.b.service.DatabaseService - getOne: retrieved Medication with id=1
2025-05-05 00:12:10.843 [JavaFX Application Thread] INFO  o.m.m.b.service.DatabaseService - getAllInGroup: retrieved 3 record(s) from appointment where doctor_id=1
2025-05-05 00:12:10.877 [JavaFX Application Thread] INFO  o.m.m.b.service.DatabaseService - getOne: retrieved Patient with id=1
2025-05-05 00:12:10.909 [JavaFX Application Thread] INFO  o.m.m.b.service.DatabaseService - getOne: retrieved AppointmentStatus with id=1
2025-05-05 00:12:10.951 [JavaFX Application Thread] INFO  o.m.m.b.service.DatabaseService - getOne: retrieved Patient with id=4
2025-05-05 00:12:10.982 [JavaFX Application Thread] INFO  o.m.m.b.service.DatabaseService - getOne: retrieved AppointmentStatus with id=1
2025-05-05 00:12:11.016 [JavaFX Application Thread] INFO  o.m.m.b.service.DatabaseService - getOne: retrieved Patient with id=1
2025-05-05 00:12:11.049 [JavaFX Application Thread] INFO  o.m.m.b.service.DatabaseService - getOne: retrieved AppointmentStatus with id=1
2025-05-05 00:12:16.733 [JavaFX Application Thread] INFO  o.m.m.b.service.DatabaseService - getAll: retrieved 3 record(s) from patient
2025-05-05 00:12:16.777 [JavaFX Application Thread] INFO  o.m.m.b.service.DatabaseService - getAllInGroup: retrieved 1 record(s) from medical_record where patient_id=1
2025-05-05 00:20:09.763 [JavaFX Application Thread] INFO  o.m.m.backend.config.DatabaseConfig - Initializing HikariCP DataSource: url=jdbc:postgresql://postgresql.r6.websupport.sk:5432/vavadb, user=databazaVava
2025-05-05 00:20:09.769 [JavaFX Application Thread] INFO  com.zaxxer.hikari.HikariDataSource - MyHikariCP - Starting...
2025-05-05 00:20:10.505 [JavaFX Application Thread] INFO  com.zaxxer.hikari.pool.HikariPool - MyHikariCP - Added connection org.postgresql.jdbc.PgConnection@4521008b
2025-05-05 00:20:10.506 [JavaFX Application Thread] INFO  com.zaxxer.hikari.HikariDataSource - MyHikariCP - Start completed.
2025-05-05 00:20:10.506 [JavaFX Application Thread] INFO  o.m.m.backend.config.DatabaseConfig - HikariCP initialized. Pool name: MyHikariCP, MaxPoolSize: 20, MinimumIdle: 2
2025-05-05 00:20:10.552 [JavaFX Application Thread] INFO  o.m.m.backend.service.AuthService - User alice.smith@doc.com authenticated successfully with id=2
2025-05-05 00:20:10.561 [JavaFX Application Thread] INFO  o.m.m.f.controller.LoginController - Login successful, token=3OB5_zyMKdYVU_4f6jHUKY2r4TjTA170AbXVcMXGiiILNqBkiCpYEw
2025-05-05 00:20:10.567 [JavaFX Application Thread] INFO  com.backend.config.DatabaseConfig - Initializing HikariCP DataSource: url=jdbc:postgresql://postgresql.r6.websupport.sk:5432/vavadb, user=databazaVava
2025-05-05 00:20:10.567 [JavaFX Application Thread] INFO  com.zaxxer.hikari.HikariDataSource - MyHikariCP - Starting...
2025-05-05 00:20:10.918 [JavaFX Application Thread] INFO  com.zaxxer.hikari.pool.HikariPool - MyHikariCP - Added connection org.postgresql.jdbc.PgConnection@505b1e4c
2025-05-05 00:20:10.919 [JavaFX Application Thread] INFO  com.zaxxer.hikari.HikariDataSource - MyHikariCP - Start completed.
2025-05-05 00:20:10.920 [JavaFX Application Thread] INFO  com.backend.config.DatabaseConfig - HikariCP initialized. Pool name: MyHikariCP, MaxPoolSize: 20, MinimumIdle: 2
2025-05-05 00:20:10.956 [JavaFX Application Thread] INFO  o.m.m.b.service.DatabaseService - getOne: retrieved User with id=2
2025-05-05 00:20:10.956 [JavaFX Application Thread] INFO  o.m.m.f.controller.LoginController - Retrieved user: User(id=2, email=alice.smith@doc.com, password_hash=hash_doc1, role_id=2, doctor_id=1, doctor=null, role=null)
2025-05-05 00:20:11.010 [JavaFX Application Thread] INFO  o.m.m.b.service.DatabaseService - getOne: retrieved Role with id=2
2025-05-05 00:20:11.084 [JavaFX Application Thread] INFO  o.m.m.b.service.DatabaseService - getOne: retrieved Doctor with id=1
2025-05-05 00:20:11.141 [JavaFX Application Thread] INFO  o.m.m.b.service.DatabaseService - getAllInGroup: retrieved 1 record(s) from medical_record where doctor_id=1
2025-05-05 00:20:11.178 [JavaFX Application Thread] INFO  o.m.m.b.service.DatabaseService - getOne: retrieved Patient with id=1
2025-05-05 00:20:11.214 [JavaFX Application Thread] INFO  o.m.m.b.service.DatabaseService - getAllInGroup: retrieved 1 record(s) from record_diagnosis where medical_record_id=1
2025-05-05 00:20:11.248 [JavaFX Application Thread] INFO  o.m.m.b.service.DatabaseService - getOne: retrieved Diagnosis with id=1
2025-05-05 00:20:11.280 [JavaFX Application Thread] INFO  o.m.m.b.service.DatabaseService - getOne: retrieved DiagnosisType with id=1
2025-05-05 00:20:11.315 [JavaFX Application Thread] INFO  o.m.m.b.service.DatabaseService - getAllInGroup: retrieved 1 record(s) from prescription where medical_record_id=1
2025-05-05 00:20:11.348 [JavaFX Application Thread] INFO  o.m.m.b.service.DatabaseService - getOne: retrieved Medication with id=1
2025-05-05 00:20:11.389 [JavaFX Application Thread] INFO  o.m.m.b.service.DatabaseService - getAllInGroup: retrieved 3 record(s) from appointment where doctor_id=1
2025-05-05 00:20:11.423 [JavaFX Application Thread] INFO  o.m.m.b.service.DatabaseService - getOne: retrieved Patient with id=1
2025-05-05 00:20:11.454 [JavaFX Application Thread] INFO  o.m.m.b.service.DatabaseService - getOne: retrieved AppointmentStatus with id=1
2025-05-05 00:20:11.491 [JavaFX Application Thread] INFO  o.m.m.b.service.DatabaseService - getOne: retrieved Patient with id=4
2025-05-05 00:20:11.538 [JavaFX Application Thread] INFO  o.m.m.b.service.DatabaseService - getOne: retrieved AppointmentStatus with id=1
2025-05-05 00:20:11.574 [JavaFX Application Thread] INFO  o.m.m.b.service.DatabaseService - getOne: retrieved Patient with id=1
2025-05-05 00:20:11.604 [JavaFX Application Thread] INFO  o.m.m.b.service.DatabaseService - getOne: retrieved AppointmentStatus with id=1
2025-05-05 00:20:16.164 [JavaFX Application Thread] INFO  o.m.m.b.service.DatabaseService - getAll: retrieved 3 record(s) from patient
2025-05-05 00:20:16.201 [JavaFX Application Thread] ERROR o.m.m.b.service.DatabaseService - Error in getAllInGroup for MedicalRecord patient_id=1
java.lang.IllegalArgumentException: Can not set java.sql.Timestamp field org.medirec.medirec.frontend.controller.MedicalRecord.created_at to java.sql.Time
	at java.base/jdk.internal.reflect.UnsafeFieldAccessorImpl.throwSetIllegalArgumentException(UnsafeFieldAccessorImpl.java:167)
	at java.base/jdk.internal.reflect.UnsafeFieldAccessorImpl.throwSetIllegalArgumentException(UnsafeFieldAccessorImpl.java:171)
	at java.base/jdk.internal.reflect.UnsafeObjectFieldAccessorImpl.set(UnsafeObjectFieldAccessorImpl.java:81)
	at java.base/java.lang.reflect.Field.set(Field.java:799)
	at org.medirec.medirec/org.medirec.medirec.backend.service.DatabaseService.mapRow(DatabaseService.java:63)
	at org.medirec.medirec/org.medirec.medirec.backend.service.DatabaseService.getAllInGroup(DatabaseService.java:278)
	at org.medirec.medirec/org.medirec.medirec.frontend.controller.MedicalRecordsController.loadRecordsForPatient(MedicalRecordsController.java:64)
	at org.medirec.medirec/org.medirec.medirec.frontend.controller.MedicalRecordsController.onSearchClicked(MedicalRecordsController.java:102)
	at java.base/jdk.internal.reflect.NativeMethodAccessorImpl.invoke0(Native Method)
	at java.base/jdk.internal.reflect.NativeMethodAccessorImpl.invoke(NativeMethodAccessorImpl.java:77)
	at java.base/jdk.internal.reflect.DelegatingMethodAccessorImpl.invoke(DelegatingMethodAccessorImpl.java:43)
	at java.base/java.lang.reflect.Method.invoke(Method.java:569)
	at com.sun.javafx.reflect.Trampoline.invoke(MethodUtil.java:77)
	at jdk.internal.reflect.GeneratedMethodAccessor2.invoke(Unknown Source)
	at java.base/jdk.internal.reflect.DelegatingMethodAccessorImpl.invoke(DelegatingMethodAccessorImpl.java:43)
	at java.base/java.lang.reflect.Method.invoke(Method.java:569)
	at javafx.base/com.sun.javafx.reflect.MethodUtil.invoke(MethodUtil.java:275)
	at javafx.fxml/com.sun.javafx.fxml.MethodHelper.invoke(MethodHelper.java:84)
	at javafx.fxml/javafx.fxml.FXMLLoader$MethodHandler.invoke(FXMLLoader.java:1854)
	at javafx.fxml/javafx.fxml.FXMLLoader$ControllerMethodEventHandler.handle(FXMLLoader.java:1724)
	at javafx.base/com.sun.javafx.event.CompositeEventHandler.dispatchBubblingEvent(CompositeEventHandler.java:86)
	at javafx.base/com.sun.javafx.event.EventHandlerManager.dispatchBubblingEvent(EventHandlerManager.java:234)
	at javafx.base/com.sun.javafx.event.EventHandlerManager.dispatchBubblingEvent(EventHandlerManager.java:191)
	at javafx.base/com.sun.javafx.event.CompositeEventDispatcher.dispatchBubblingEvent(CompositeEventDispatcher.java:59)
	at javafx.base/com.sun.javafx.event.BasicEventDispatcher.dispatchEvent(BasicEventDispatcher.java:58)
	at javafx.base/com.sun.javafx.event.EventDispatchChainImpl.dispatchEvent(EventDispatchChainImpl.java:114)
	at javafx.base/com.sun.javafx.event.BasicEventDispatcher.dispatchEvent(BasicEventDispatcher.java:56)
	at javafx.base/com.sun.javafx.event.EventDispatchChainImpl.dispatchEvent(EventDispatchChainImpl.java:114)
	at javafx.base/com.sun.javafx.event.BasicEventDispatcher.dispatchEvent(BasicEventDispatcher.java:56)
	at javafx.base/com.sun.javafx.event.EventDispatchChainImpl.dispatchEvent(EventDispatchChainImpl.java:114)
	at javafx.base/com.sun.javafx.event.EventUtil.fireEventImpl(EventUtil.java:74)
	at javafx.base/com.sun.javafx.event.EventUtil.fireEvent(EventUtil.java:49)
	at javafx.base/javafx.event.Event.fireEvent(Event.java:198)
	at javafx.graphics/javafx.scene.Node.fireEvent(Node.java:8792)
	at javafx.controls/javafx.scene.control.Button.fire(Button.java:203)
	at javafx.controls/com.sun.javafx.scene.control.behavior.ButtonBehavior.mouseReleased(ButtonBehavior.java:208)
	at javafx.controls/com.sun.javafx.scene.control.inputmap.InputMap.handle(InputMap.java:274)
	at javafx.base/com.sun.javafx.event.CompositeEventHandler$NormalEventHandlerRecord.handleBubblingEvent(CompositeEventHandler.java:247)
	at javafx.base/com.sun.javafx.event.CompositeEventHandler.dispatchBubblingEvent(CompositeEventHandler.java:80)
	at javafx.base/com.sun.javafx.event.EventHandlerManager.dispatchBubblingEvent(EventHandlerManager.java:234)
	at javafx.base/com.sun.javafx.event.EventHandlerManager.dispatchBubblingEvent(EventHandlerManager.java:191)
	at javafx.base/com.sun.javafx.event.CompositeEventDispatcher.dispatchBubblingEvent(CompositeEventDispatcher.java:59)
	at javafx.base/com.sun.javafx.event.BasicEventDispatcher.dispatchEvent(BasicEventDispatcher.java:58)
	at javafx.base/com.sun.javafx.event.EventDispatchChainImpl.dispatchEvent(EventDispatchChainImpl.java:114)
	at javafx.base/com.sun.javafx.event.BasicEventDispatcher.dispatchEvent(BasicEventDispatcher.java:56)
	at javafx.base/com.sun.javafx.event.EventDispatchChainImpl.dispatchEvent(EventDispatchChainImpl.java:114)
	at javafx.base/com.sun.javafx.event.BasicEventDispatcher.dispatchEvent(BasicEventDispatcher.java:56)
	at javafx.base/com.sun.javafx.event.EventDispatchChainImpl.dispatchEvent(EventDispatchChainImpl.java:114)
	at javafx.base/com.sun.javafx.event.EventUtil.fireEventImpl(EventUtil.java:74)
	at javafx.base/com.sun.javafx.event.EventUtil.fireEvent(EventUtil.java:54)
	at javafx.base/javafx.event.Event.fireEvent(Event.java:198)
	at javafx.graphics/javafx.scene.Scene$MouseHandler.process(Scene.java:3897)
	at javafx.graphics/javafx.scene.Scene.processMouseEvent(Scene.java:1878)
	at javafx.graphics/javafx.scene.Scene$ScenePeerListener.mouseEvent(Scene.java:2623)
	at javafx.graphics/com.sun.javafx.tk.quantum.GlassViewEventHandler$MouseEventNotification.run(GlassViewEventHandler.java:411)
	at javafx.graphics/com.sun.javafx.tk.quantum.GlassViewEventHandler$MouseEventNotification.run(GlassViewEventHandler.java:301)
	at java.base/java.security.AccessController.doPrivileged(AccessController.java:399)
	at javafx.graphics/com.sun.javafx.tk.quantum.GlassViewEventHandler.lambda$handleMouseEvent$2(GlassViewEventHandler.java:450)
	at javafx.graphics/com.sun.javafx.tk.quantum.QuantumToolkit.runWithoutRenderLock(QuantumToolkit.java:423)
	at javafx.graphics/com.sun.javafx.tk.quantum.GlassViewEventHandler.handleMouseEvent(GlassViewEventHandler.java:449)
	at javafx.graphics/com.sun.glass.ui.View.handleMouseEvent(View.java:551)
	at javafx.graphics/com.sun.glass.ui.View.notifyMouse(View.java:937)
	at javafx.graphics/com.sun.glass.ui.win.WinApplication._runLoop(Native Method)
	at javafx.graphics/com.sun.glass.ui.win.WinApplication.lambda$runLoop$3(WinApplication.java:184)
	at java.base/java.lang.Thread.run(Thread.java:840)
2025-05-05 00:24:27.012 [JavaFX Application Thread] INFO  o.m.m.backend.config.DatabaseConfig - Initializing HikariCP DataSource: url=jdbc:postgresql://postgresql.r6.websupport.sk:5432/vavadb, user=databazaVava
2025-05-05 00:24:27.019 [JavaFX Application Thread] INFO  com.zaxxer.hikari.HikariDataSource - MyHikariCP - Starting...
2025-05-05 00:24:27.685 [JavaFX Application Thread] INFO  com.zaxxer.hikari.pool.HikariPool - MyHikariCP - Added connection org.postgresql.jdbc.PgConnection@4521008b
2025-05-05 00:24:27.686 [JavaFX Application Thread] INFO  com.zaxxer.hikari.HikariDataSource - MyHikariCP - Start completed.
2025-05-05 00:24:27.686 [JavaFX Application Thread] INFO  o.m.m.backend.config.DatabaseConfig - HikariCP initialized. Pool name: MyHikariCP, MaxPoolSize: 20, MinimumIdle: 2
2025-05-05 00:24:27.729 [JavaFX Application Thread] INFO  o.m.m.backend.service.AuthService - User alice.smith@doc.com authenticated successfully with id=2
2025-05-05 00:24:27.737 [JavaFX Application Thread] INFO  o.m.m.f.controller.LoginController - Login successful, token=jlCVJQt3C8OA-CL8hytThq-ChtzRN3Y2Ee2hRTeaLB7uf887BKKt3Q
2025-05-05 00:24:27.743 [JavaFX Application Thread] INFO  com.backend.config.DatabaseConfig - Initializing HikariCP DataSource: url=jdbc:postgresql://postgresql.r6.websupport.sk:5432/vavadb, user=databazaVava
2025-05-05 00:24:27.743 [JavaFX Application Thread] INFO  com.zaxxer.hikari.HikariDataSource - MyHikariCP - Starting...
2025-05-05 00:24:28.103 [JavaFX Application Thread] INFO  com.zaxxer.hikari.pool.HikariPool - MyHikariCP - Added connection org.postgresql.jdbc.PgConnection@505b1e4c
2025-05-05 00:24:28.104 [JavaFX Application Thread] INFO  com.zaxxer.hikari.HikariDataSource - MyHikariCP - Start completed.
2025-05-05 00:24:28.104 [JavaFX Application Thread] INFO  com.backend.config.DatabaseConfig - HikariCP initialized. Pool name: MyHikariCP, MaxPoolSize: 20, MinimumIdle: 2
2025-05-05 00:24:28.138 [JavaFX Application Thread] INFO  o.m.m.b.service.DatabaseService - getOne: retrieved User with id=2
2025-05-05 00:24:28.139 [JavaFX Application Thread] INFO  o.m.m.f.controller.LoginController - Retrieved user: User(id=2, email=alice.smith@doc.com, password_hash=hash_doc1, role_id=2, doctor_id=1, doctor=null, role=null)
2025-05-05 00:24:28.196 [JavaFX Application Thread] INFO  o.m.m.b.service.DatabaseService - getOne: retrieved Role with id=2
2025-05-05 00:24:28.253 [JavaFX Application Thread] INFO  o.m.m.b.service.DatabaseService - getOne: retrieved Doctor with id=1
2025-05-05 00:24:28.287 [JavaFX Application Thread] INFO  o.m.m.b.service.DatabaseService - getAllInGroup: retrieved 1 record(s) from medical_record where doctor_id=1
2025-05-05 00:24:28.324 [JavaFX Application Thread] INFO  o.m.m.b.service.DatabaseService - getOne: retrieved Patient with id=1
2025-05-05 00:24:28.357 [JavaFX Application Thread] INFO  o.m.m.b.service.DatabaseService - getAllInGroup: retrieved 1 record(s) from record_diagnosis where medical_record_id=1
2025-05-05 00:24:28.389 [JavaFX Application Thread] INFO  o.m.m.b.service.DatabaseService - getOne: retrieved Diagnosis with id=1
2025-05-05 00:24:28.422 [JavaFX Application Thread] INFO  o.m.m.b.service.DatabaseService - getOne: retrieved DiagnosisType with id=1
2025-05-05 00:24:28.460 [JavaFX Application Thread] INFO  o.m.m.b.service.DatabaseService - getAllInGroup: retrieved 1 record(s) from prescription where medical_record_id=1
2025-05-05 00:24:28.492 [JavaFX Application Thread] INFO  o.m.m.b.service.DatabaseService - getOne: retrieved Medication with id=1
2025-05-05 00:24:28.527 [JavaFX Application Thread] INFO  o.m.m.b.service.DatabaseService - getAllInGroup: retrieved 3 record(s) from appointment where doctor_id=1
2025-05-05 00:24:28.561 [JavaFX Application Thread] INFO  o.m.m.b.service.DatabaseService - getOne: retrieved Patient with id=1
2025-05-05 00:24:28.593 [JavaFX Application Thread] INFO  o.m.m.b.service.DatabaseService - getOne: retrieved AppointmentStatus with id=1
2025-05-05 00:24:28.627 [JavaFX Application Thread] INFO  o.m.m.b.service.DatabaseService - getOne: retrieved Patient with id=4
2025-05-05 00:24:28.658 [JavaFX Application Thread] INFO  o.m.m.b.service.DatabaseService - getOne: retrieved AppointmentStatus with id=1
2025-05-05 00:24:28.693 [JavaFX Application Thread] INFO  o.m.m.b.service.DatabaseService - getOne: retrieved Patient with id=1
2025-05-05 00:24:28.728 [JavaFX Application Thread] INFO  o.m.m.b.service.DatabaseService - getOne: retrieved AppointmentStatus with id=1
2025-05-05 00:24:33.774 [JavaFX Application Thread] INFO  o.m.m.b.service.DatabaseService - getAll: retrieved 3 record(s) from patient
2025-05-05 00:24:33.810 [JavaFX Application Thread] ERROR o.m.m.b.service.DatabaseService - Error in getAllInGroup for MedicalRecord patient_id=1
java.lang.IllegalArgumentException: Can not set java.sql.Timestamp field org.medirec.medirec.frontend.controller.MedicalRecord.created_at to java.sql.Time
	at java.base/jdk.internal.reflect.UnsafeFieldAccessorImpl.throwSetIllegalArgumentException(UnsafeFieldAccessorImpl.java:167)
	at java.base/jdk.internal.reflect.UnsafeFieldAccessorImpl.throwSetIllegalArgumentException(UnsafeFieldAccessorImpl.java:171)
	at java.base/jdk.internal.reflect.UnsafeObjectFieldAccessorImpl.set(UnsafeObjectFieldAccessorImpl.java:81)
	at java.base/java.lang.reflect.Field.set(Field.java:799)
	at org.medirec.medirec/org.medirec.medirec.backend.service.DatabaseService.mapRow(DatabaseService.java:63)
	at org.medirec.medirec/org.medirec.medirec.backend.service.DatabaseService.getAllInGroup(DatabaseService.java:278)
	at org.medirec.medirec/org.medirec.medirec.frontend.controller.MedicalRecordsController.loadRecordsForPatient(MedicalRecordsController.java:64)
	at org.medirec.medirec/org.medirec.medirec.frontend.controller.MedicalRecordsController.onSearchClicked(MedicalRecordsController.java:102)
	at java.base/jdk.internal.reflect.NativeMethodAccessorImpl.invoke0(Native Method)
	at java.base/jdk.internal.reflect.NativeMethodAccessorImpl.invoke(NativeMethodAccessorImpl.java:77)
	at java.base/jdk.internal.reflect.DelegatingMethodAccessorImpl.invoke(DelegatingMethodAccessorImpl.java:43)
	at java.base/java.lang.reflect.Method.invoke(Method.java:569)
	at com.sun.javafx.reflect.Trampoline.invoke(MethodUtil.java:77)
	at jdk.internal.reflect.GeneratedMethodAccessor2.invoke(Unknown Source)
	at java.base/jdk.internal.reflect.DelegatingMethodAccessorImpl.invoke(DelegatingMethodAccessorImpl.java:43)
	at java.base/java.lang.reflect.Method.invoke(Method.java:569)
	at javafx.base/com.sun.javafx.reflect.MethodUtil.invoke(MethodUtil.java:275)
	at javafx.fxml/com.sun.javafx.fxml.MethodHelper.invoke(MethodHelper.java:84)
	at javafx.fxml/javafx.fxml.FXMLLoader$MethodHandler.invoke(FXMLLoader.java:1854)
	at javafx.fxml/javafx.fxml.FXMLLoader$ControllerMethodEventHandler.handle(FXMLLoader.java:1724)
	at javafx.base/com.sun.javafx.event.CompositeEventHandler.dispatchBubblingEvent(CompositeEventHandler.java:86)
	at javafx.base/com.sun.javafx.event.EventHandlerManager.dispatchBubblingEvent(EventHandlerManager.java:234)
	at javafx.base/com.sun.javafx.event.EventHandlerManager.dispatchBubblingEvent(EventHandlerManager.java:191)
	at javafx.base/com.sun.javafx.event.CompositeEventDispatcher.dispatchBubblingEvent(CompositeEventDispatcher.java:59)
	at javafx.base/com.sun.javafx.event.BasicEventDispatcher.dispatchEvent(BasicEventDispatcher.java:58)
	at javafx.base/com.sun.javafx.event.EventDispatchChainImpl.dispatchEvent(EventDispatchChainImpl.java:114)
	at javafx.base/com.sun.javafx.event.BasicEventDispatcher.dispatchEvent(BasicEventDispatcher.java:56)
	at javafx.base/com.sun.javafx.event.EventDispatchChainImpl.dispatchEvent(EventDispatchChainImpl.java:114)
	at javafx.base/com.sun.javafx.event.BasicEventDispatcher.dispatchEvent(BasicEventDispatcher.java:56)
	at javafx.base/com.sun.javafx.event.EventDispatchChainImpl.dispatchEvent(EventDispatchChainImpl.java:114)
	at javafx.base/com.sun.javafx.event.EventUtil.fireEventImpl(EventUtil.java:74)
	at javafx.base/com.sun.javafx.event.EventUtil.fireEvent(EventUtil.java:49)
	at javafx.base/javafx.event.Event.fireEvent(Event.java:198)
	at javafx.graphics/javafx.scene.Node.fireEvent(Node.java:8792)
	at javafx.controls/javafx.scene.control.Button.fire(Button.java:203)
	at javafx.controls/com.sun.javafx.scene.control.behavior.ButtonBehavior.mouseReleased(ButtonBehavior.java:208)
	at javafx.controls/com.sun.javafx.scene.control.inputmap.InputMap.handle(InputMap.java:274)
	at javafx.base/com.sun.javafx.event.CompositeEventHandler$NormalEventHandlerRecord.handleBubblingEvent(CompositeEventHandler.java:247)
	at javafx.base/com.sun.javafx.event.CompositeEventHandler.dispatchBubblingEvent(CompositeEventHandler.java:80)
	at javafx.base/com.sun.javafx.event.EventHandlerManager.dispatchBubblingEvent(EventHandlerManager.java:234)
	at javafx.base/com.sun.javafx.event.EventHandlerManager.dispatchBubblingEvent(EventHandlerManager.java:191)
	at javafx.base/com.sun.javafx.event.CompositeEventDispatcher.dispatchBubblingEvent(CompositeEventDispatcher.java:59)
	at javafx.base/com.sun.javafx.event.BasicEventDispatcher.dispatchEvent(BasicEventDispatcher.java:58)
	at javafx.base/com.sun.javafx.event.EventDispatchChainImpl.dispatchEvent(EventDispatchChainImpl.java:114)
	at javafx.base/com.sun.javafx.event.BasicEventDispatcher.dispatchEvent(BasicEventDispatcher.java:56)
	at javafx.base/com.sun.javafx.event.EventDispatchChainImpl.dispatchEvent(EventDispatchChainImpl.java:114)
	at javafx.base/com.sun.javafx.event.BasicEventDispatcher.dispatchEvent(BasicEventDispatcher.java:56)
	at javafx.base/com.sun.javafx.event.EventDispatchChainImpl.dispatchEvent(EventDispatchChainImpl.java:114)
	at javafx.base/com.sun.javafx.event.EventUtil.fireEventImpl(EventUtil.java:74)
	at javafx.base/com.sun.javafx.event.EventUtil.fireEvent(EventUtil.java:54)
	at javafx.base/javafx.event.Event.fireEvent(Event.java:198)
	at javafx.graphics/javafx.scene.Scene$MouseHandler.process(Scene.java:3897)
	at javafx.graphics/javafx.scene.Scene.processMouseEvent(Scene.java:1878)
	at javafx.graphics/javafx.scene.Scene$ScenePeerListener.mouseEvent(Scene.java:2623)
	at javafx.graphics/com.sun.javafx.tk.quantum.GlassViewEventHandler$MouseEventNotification.run(GlassViewEventHandler.java:411)
	at javafx.graphics/com.sun.javafx.tk.quantum.GlassViewEventHandler$MouseEventNotification.run(GlassViewEventHandler.java:301)
	at java.base/java.security.AccessController.doPrivileged(AccessController.java:399)
	at javafx.graphics/com.sun.javafx.tk.quantum.GlassViewEventHandler.lambda$handleMouseEvent$2(GlassViewEventHandler.java:450)
	at javafx.graphics/com.sun.javafx.tk.quantum.QuantumToolkit.runWithoutRenderLock(QuantumToolkit.java:423)
	at javafx.graphics/com.sun.javafx.tk.quantum.GlassViewEventHandler.handleMouseEvent(GlassViewEventHandler.java:449)
	at javafx.graphics/com.sun.glass.ui.View.handleMouseEvent(View.java:551)
	at javafx.graphics/com.sun.glass.ui.View.notifyMouse(View.java:937)
	at javafx.graphics/com.sun.glass.ui.win.WinApplication._runLoop(Native Method)
	at javafx.graphics/com.sun.glass.ui.win.WinApplication.lambda$runLoop$3(WinApplication.java:184)
	at java.base/java.lang.Thread.run(Thread.java:840)
2025-05-05 00:30:15.246 [JavaFX Application Thread] INFO  o.m.m.backend.config.DatabaseConfig - Initializing HikariCP DataSource: url=jdbc:postgresql://postgresql.r6.websupport.sk:5432/vavadb, user=databazaVava
2025-05-05 00:30:15.252 [JavaFX Application Thread] INFO  com.zaxxer.hikari.HikariDataSource - MyHikariCP - Starting...
2025-05-05 00:30:15.942 [JavaFX Application Thread] INFO  com.zaxxer.hikari.pool.HikariPool - MyHikariCP - Added connection org.postgresql.jdbc.PgConnection@4521008b
2025-05-05 00:30:15.943 [JavaFX Application Thread] INFO  com.zaxxer.hikari.HikariDataSource - MyHikariCP - Start completed.
2025-05-05 00:30:15.943 [JavaFX Application Thread] INFO  o.m.m.backend.config.DatabaseConfig - HikariCP initialized. Pool name: MyHikariCP, MaxPoolSize: 20, MinimumIdle: 2
2025-05-05 00:30:15.992 [JavaFX Application Thread] INFO  o.m.m.backend.service.AuthService - User alice.smith@doc.com authenticated successfully with id=2
2025-05-05 00:30:16.001 [JavaFX Application Thread] INFO  o.m.m.f.controller.LoginController - Login successful, token=2_bPZEfbA6rSU5Rvm4Vd32qQG3jca1iT0UcAeHL_CcECU777UlbvOA
2025-05-05 00:30:16.007 [JavaFX Application Thread] INFO  com.backend.config.DatabaseConfig - Initializing HikariCP DataSource: url=jdbc:postgresql://postgresql.r6.websupport.sk:5432/vavadb, user=databazaVava
2025-05-05 00:30:16.007 [JavaFX Application Thread] INFO  com.zaxxer.hikari.HikariDataSource - MyHikariCP - Starting...
2025-05-05 00:30:16.364 [JavaFX Application Thread] INFO  com.zaxxer.hikari.pool.HikariPool - MyHikariCP - Added connection org.postgresql.jdbc.PgConnection@505b1e4c
2025-05-05 00:30:16.365 [JavaFX Application Thread] INFO  com.zaxxer.hikari.HikariDataSource - MyHikariCP - Start completed.
2025-05-05 00:30:16.366 [JavaFX Application Thread] INFO  com.backend.config.DatabaseConfig - HikariCP initialized. Pool name: MyHikariCP, MaxPoolSize: 20, MinimumIdle: 2
2025-05-05 00:30:16.401 [JavaFX Application Thread] INFO  o.m.m.b.service.DatabaseService - getOne: retrieved User with id=2
2025-05-05 00:30:16.402 [JavaFX Application Thread] INFO  o.m.m.f.controller.LoginController - Retrieved user: User(id=2, email=alice.smith@doc.com, password_hash=hash_doc1, role_id=2, doctor_id=1, doctor=null, role=null)
2025-05-05 00:30:16.455 [JavaFX Application Thread] INFO  o.m.m.b.service.DatabaseService - getOne: retrieved Role with id=2
2025-05-05 00:30:16.549 [JavaFX Application Thread] INFO  o.m.m.b.service.DatabaseService - getOne: retrieved Doctor with id=1
2025-05-05 00:30:16.586 [JavaFX Application Thread] ERROR o.m.m.b.service.DatabaseService - Error in getAllInGroup for MedicalRecord doctor_id=1
java.lang.IllegalArgumentException: Can not set java.sql.Time field org.medirec.medirec.backend.model.MedicalRecord.created_at to java.sql.Timestamp
	at java.base/jdk.internal.reflect.UnsafeFieldAccessorImpl.throwSetIllegalArgumentException(UnsafeFieldAccessorImpl.java:167)
	at java.base/jdk.internal.reflect.UnsafeFieldAccessorImpl.throwSetIllegalArgumentException(UnsafeFieldAccessorImpl.java:171)
	at java.base/jdk.internal.reflect.UnsafeObjectFieldAccessorImpl.set(UnsafeObjectFieldAccessorImpl.java:81)
	at java.base/java.lang.reflect.Field.set(Field.java:799)
	at org.medirec.medirec/org.medirec.medirec.backend.service.DatabaseService.mapRow(DatabaseService.java:63)
	at org.medirec.medirec/org.medirec.medirec.backend.service.DatabaseService.getAllInGroup(DatabaseService.java:278)
	at org.medirec.medirec/org.medirec.medirec.frontend.controller.MainController.setUserInfo(MainController.java:83)
	at org.medirec.medirec/org.medirec.medirec.frontend.controller.LoginController.handleLogin(LoginController.java:133)
	at java.base/jdk.internal.reflect.NativeMethodAccessorImpl.invoke0(Native Method)
	at java.base/jdk.internal.reflect.NativeMethodAccessorImpl.invoke(NativeMethodAccessorImpl.java:77)
	at java.base/jdk.internal.reflect.DelegatingMethodAccessorImpl.invoke(DelegatingMethodAccessorImpl.java:43)
	at java.base/java.lang.reflect.Method.invoke(Method.java:569)
	at com.sun.javafx.reflect.Trampoline.invoke(MethodUtil.java:77)
	at jdk.internal.reflect.GeneratedMethodAccessor2.invoke(Unknown Source)
	at java.base/jdk.internal.reflect.DelegatingMethodAccessorImpl.invoke(DelegatingMethodAccessorImpl.java:43)
	at java.base/java.lang.reflect.Method.invoke(Method.java:569)
	at javafx.base/com.sun.javafx.reflect.MethodUtil.invoke(MethodUtil.java:275)
	at javafx.fxml/com.sun.javafx.fxml.MethodHelper.invoke(MethodHelper.java:84)
	at javafx.fxml/javafx.fxml.FXMLLoader$MethodHandler.invoke(FXMLLoader.java:1854)
	at javafx.fxml/javafx.fxml.FXMLLoader$ControllerMethodEventHandler.handle(FXMLLoader.java:1724)
	at javafx.base/com.sun.javafx.event.CompositeEventHandler.dispatchBubblingEvent(CompositeEventHandler.java:86)
	at javafx.base/com.sun.javafx.event.EventHandlerManager.dispatchBubblingEvent(EventHandlerManager.java:234)
	at javafx.base/com.sun.javafx.event.EventHandlerManager.dispatchBubblingEvent(EventHandlerManager.java:191)
	at javafx.base/com.sun.javafx.event.CompositeEventDispatcher.dispatchBubblingEvent(CompositeEventDispatcher.java:59)
	at javafx.base/com.sun.javafx.event.BasicEventDispatcher.dispatchEvent(BasicEventDispatcher.java:58)
	at javafx.base/com.sun.javafx.event.EventDispatchChainImpl.dispatchEvent(EventDispatchChainImpl.java:114)
	at javafx.base/com.sun.javafx.event.BasicEventDispatcher.dispatchEvent(BasicEventDispatcher.java:56)
	at javafx.base/com.sun.javafx.event.EventDispatchChainImpl.dispatchEvent(EventDispatchChainImpl.java:114)
	at javafx.base/com.sun.javafx.event.BasicEventDispatcher.dispatchEvent(BasicEventDispatcher.java:56)
	at javafx.base/com.sun.javafx.event.EventDispatchChainImpl.dispatchEvent(EventDispatchChainImpl.java:114)
	at javafx.base/com.sun.javafx.event.EventUtil.fireEventImpl(EventUtil.java:74)
	at javafx.base/com.sun.javafx.event.EventUtil.fireEvent(EventUtil.java:49)
	at javafx.base/javafx.event.Event.fireEvent(Event.java:198)
	at javafx.graphics/javafx.scene.Node.fireEvent(Node.java:8792)
	at javafx.controls/javafx.scene.control.Button.fire(Button.java:203)
	at javafx.controls/com.sun.javafx.scene.control.behavior.ButtonBehavior.mouseReleased(ButtonBehavior.java:208)
	at javafx.controls/com.sun.javafx.scene.control.inputmap.InputMap.handle(InputMap.java:274)
	at javafx.base/com.sun.javafx.event.CompositeEventHandler$NormalEventHandlerRecord.handleBubblingEvent(CompositeEventHandler.java:247)
	at javafx.base/com.sun.javafx.event.CompositeEventHandler.dispatchBubblingEvent(CompositeEventHandler.java:80)
	at javafx.base/com.sun.javafx.event.EventHandlerManager.dispatchBubblingEvent(EventHandlerManager.java:234)
	at javafx.base/com.sun.javafx.event.EventHandlerManager.dispatchBubblingEvent(EventHandlerManager.java:191)
	at javafx.base/com.sun.javafx.event.CompositeEventDispatcher.dispatchBubblingEvent(CompositeEventDispatcher.java:59)
	at javafx.base/com.sun.javafx.event.BasicEventDispatcher.dispatchEvent(BasicEventDispatcher.java:58)
	at javafx.base/com.sun.javafx.event.EventDispatchChainImpl.dispatchEvent(EventDispatchChainImpl.java:114)
	at javafx.base/com.sun.javafx.event.BasicEventDispatcher.dispatchEvent(BasicEventDispatcher.java:56)
	at javafx.base/com.sun.javafx.event.EventDispatchChainImpl.dispatchEvent(EventDispatchChainImpl.java:114)
	at javafx.base/com.sun.javafx.event.BasicEventDispatcher.dispatchEvent(BasicEventDispatcher.java:56)
	at javafx.base/com.sun.javafx.event.EventDispatchChainImpl.dispatchEvent(EventDispatchChainImpl.java:114)
	at javafx.base/com.sun.javafx.event.EventUtil.fireEventImpl(EventUtil.java:74)
	at javafx.base/com.sun.javafx.event.EventUtil.fireEvent(EventUtil.java:54)
	at javafx.base/javafx.event.Event.fireEvent(Event.java:198)
	at javafx.graphics/javafx.scene.Scene$MouseHandler.process(Scene.java:3897)
	at javafx.graphics/javafx.scene.Scene.processMouseEvent(Scene.java:1878)
	at javafx.graphics/javafx.scene.Scene$ScenePeerListener.mouseEvent(Scene.java:2623)
	at javafx.graphics/com.sun.javafx.tk.quantum.GlassViewEventHandler$MouseEventNotification.run(GlassViewEventHandler.java:411)
	at javafx.graphics/com.sun.javafx.tk.quantum.GlassViewEventHandler$MouseEventNotification.run(GlassViewEventHandler.java:301)
	at java.base/java.security.AccessController.doPrivileged(AccessController.java:399)
	at javafx.graphics/com.sun.javafx.tk.quantum.GlassViewEventHandler.lambda$handleMouseEvent$2(GlassViewEventHandler.java:450)
	at javafx.graphics/com.sun.javafx.tk.quantum.QuantumToolkit.runWithoutRenderLock(QuantumToolkit.java:423)
	at javafx.graphics/com.sun.javafx.tk.quantum.GlassViewEventHandler.handleMouseEvent(GlassViewEventHandler.java:449)
	at javafx.graphics/com.sun.glass.ui.View.handleMouseEvent(View.java:551)
	at javafx.graphics/com.sun.glass.ui.View.notifyMouse(View.java:937)
	at javafx.graphics/com.sun.glass.ui.win.WinApplication._runLoop(Native Method)
	at javafx.graphics/com.sun.glass.ui.win.WinApplication.lambda$runLoop$3(WinApplication.java:184)
	at java.base/java.lang.Thread.run(Thread.java:840)
2025-05-05 00:30:16.588 [JavaFX Application Thread] ERROR o.m.m.f.controller.MainController - Can not set java.sql.Time field org.medirec.medirec.backend.model.MedicalRecord.created_at to java.sql.Timestamp
2025-05-05 00:30:21.912 [JavaFX Application Thread] INFO  o.m.m.b.service.DatabaseService - getAll: retrieved 3 record(s) from patient
2025-05-05 00:30:21.947 [JavaFX Application Thread] INFO  o.m.m.b.service.DatabaseService - getAllInGroup: retrieved 1 record(s) from medical_record where patient_id=1
2025-05-05 00:32:46.339 [JavaFX Application Thread] INFO  o.m.m.backend.config.DatabaseConfig - Initializing HikariCP DataSource: url=jdbc:postgresql://postgresql.r6.websupport.sk:5432/vavadb, user=databazaVava
2025-05-05 00:32:46.344 [JavaFX Application Thread] INFO  com.zaxxer.hikari.HikariDataSource - MyHikariCP - Starting...
2025-05-05 00:32:47.055 [JavaFX Application Thread] INFO  com.zaxxer.hikari.pool.HikariPool - MyHikariCP - Added connection org.postgresql.jdbc.PgConnection@4521008b
2025-05-05 00:32:47.057 [JavaFX Application Thread] INFO  com.zaxxer.hikari.HikariDataSource - MyHikariCP - Start completed.
2025-05-05 00:32:47.057 [JavaFX Application Thread] INFO  o.m.m.backend.config.DatabaseConfig - HikariCP initialized. Pool name: MyHikariCP, MaxPoolSize: 20, MinimumIdle: 2
2025-05-05 00:32:47.108 [JavaFX Application Thread] INFO  o.m.m.backend.service.AuthService - User alice.smith@doc.com authenticated successfully with id=2
2025-05-05 00:32:47.117 [JavaFX Application Thread] INFO  o.m.m.f.controller.LoginController - Login successful, token=6bY9BEEe8680i9ggfE1zabRC9_Tr7mJW-xdFznU-36qTTh__Mv6pvw
2025-05-05 00:32:47.123 [JavaFX Application Thread] INFO  com.backend.config.DatabaseConfig - Initializing HikariCP DataSource: url=jdbc:postgresql://postgresql.r6.websupport.sk:5432/vavadb, user=databazaVava
2025-05-05 00:32:47.123 [JavaFX Application Thread] INFO  com.zaxxer.hikari.HikariDataSource - MyHikariCP - Starting...
2025-05-05 00:32:47.480 [JavaFX Application Thread] INFO  com.zaxxer.hikari.pool.HikariPool - MyHikariCP - Added connection org.postgresql.jdbc.PgConnection@505b1e4c
2025-05-05 00:32:47.481 [JavaFX Application Thread] INFO  com.zaxxer.hikari.HikariDataSource - MyHikariCP - Start completed.
2025-05-05 00:32:47.481 [JavaFX Application Thread] INFO  com.backend.config.DatabaseConfig - HikariCP initialized. Pool name: MyHikariCP, MaxPoolSize: 20, MinimumIdle: 2
2025-05-05 00:32:47.518 [JavaFX Application Thread] INFO  o.m.m.b.service.DatabaseService - getOne: retrieved User with id=2
2025-05-05 00:32:47.518 [JavaFX Application Thread] INFO  o.m.m.f.controller.LoginController - Retrieved user: User(id=2, email=alice.smith@doc.com, password_hash=hash_doc1, role_id=2, doctor_id=1, doctor=null, role=null)
2025-05-05 00:32:47.575 [JavaFX Application Thread] INFO  o.m.m.b.service.DatabaseService - getOne: retrieved Role with id=2
2025-05-05 00:32:47.639 [JavaFX Application Thread] INFO  o.m.m.b.service.DatabaseService - getOne: retrieved Doctor with id=1
2025-05-05 00:32:47.673 [JavaFX Application Thread] ERROR o.m.m.b.service.DatabaseService - Error in getAllInGroup for MedicalRecord doctor_id=1
java.lang.IllegalArgumentException: Can not set java.sql.Time field org.medirec.medirec.backend.model.MedicalRecord.created_at to java.sql.Timestamp
	at java.base/jdk.internal.reflect.UnsafeFieldAccessorImpl.throwSetIllegalArgumentException(UnsafeFieldAccessorImpl.java:167)
	at java.base/jdk.internal.reflect.UnsafeFieldAccessorImpl.throwSetIllegalArgumentException(UnsafeFieldAccessorImpl.java:171)
	at java.base/jdk.internal.reflect.UnsafeObjectFieldAccessorImpl.set(UnsafeObjectFieldAccessorImpl.java:81)
	at java.base/java.lang.reflect.Field.set(Field.java:799)
	at org.medirec.medirec/org.medirec.medirec.backend.service.DatabaseService.mapRow(DatabaseService.java:63)
	at org.medirec.medirec/org.medirec.medirec.backend.service.DatabaseService.getAllInGroup(DatabaseService.java:278)
	at org.medirec.medirec/org.medirec.medirec.frontend.controller.MainController.setUserInfo(MainController.java:83)
	at org.medirec.medirec/org.medirec.medirec.frontend.controller.LoginController.handleLogin(LoginController.java:133)
	at java.base/jdk.internal.reflect.NativeMethodAccessorImpl.invoke0(Native Method)
	at java.base/jdk.internal.reflect.NativeMethodAccessorImpl.invoke(NativeMethodAccessorImpl.java:77)
	at java.base/jdk.internal.reflect.DelegatingMethodAccessorImpl.invoke(DelegatingMethodAccessorImpl.java:43)
	at java.base/java.lang.reflect.Method.invoke(Method.java:569)
	at com.sun.javafx.reflect.Trampoline.invoke(MethodUtil.java:77)
	at jdk.internal.reflect.GeneratedMethodAccessor2.invoke(Unknown Source)
	at java.base/jdk.internal.reflect.DelegatingMethodAccessorImpl.invoke(DelegatingMethodAccessorImpl.java:43)
	at java.base/java.lang.reflect.Method.invoke(Method.java:569)
	at javafx.base/com.sun.javafx.reflect.MethodUtil.invoke(MethodUtil.java:275)
	at javafx.fxml/com.sun.javafx.fxml.MethodHelper.invoke(MethodHelper.java:84)
	at javafx.fxml/javafx.fxml.FXMLLoader$MethodHandler.invoke(FXMLLoader.java:1854)
	at javafx.fxml/javafx.fxml.FXMLLoader$ControllerMethodEventHandler.handle(FXMLLoader.java:1724)
	at javafx.base/com.sun.javafx.event.CompositeEventHandler.dispatchBubblingEvent(CompositeEventHandler.java:86)
	at javafx.base/com.sun.javafx.event.EventHandlerManager.dispatchBubblingEvent(EventHandlerManager.java:234)
	at javafx.base/com.sun.javafx.event.EventHandlerManager.dispatchBubblingEvent(EventHandlerManager.java:191)
	at javafx.base/com.sun.javafx.event.CompositeEventDispatcher.dispatchBubblingEvent(CompositeEventDispatcher.java:59)
	at javafx.base/com.sun.javafx.event.BasicEventDispatcher.dispatchEvent(BasicEventDispatcher.java:58)
	at javafx.base/com.sun.javafx.event.EventDispatchChainImpl.dispatchEvent(EventDispatchChainImpl.java:114)
	at javafx.base/com.sun.javafx.event.BasicEventDispatcher.dispatchEvent(BasicEventDispatcher.java:56)
	at javafx.base/com.sun.javafx.event.EventDispatchChainImpl.dispatchEvent(EventDispatchChainImpl.java:114)
	at javafx.base/com.sun.javafx.event.BasicEventDispatcher.dispatchEvent(BasicEventDispatcher.java:56)
	at javafx.base/com.sun.javafx.event.EventDispatchChainImpl.dispatchEvent(EventDispatchChainImpl.java:114)
	at javafx.base/com.sun.javafx.event.EventUtil.fireEventImpl(EventUtil.java:74)
	at javafx.base/com.sun.javafx.event.EventUtil.fireEvent(EventUtil.java:49)
	at javafx.base/javafx.event.Event.fireEvent(Event.java:198)
	at javafx.graphics/javafx.scene.Node.fireEvent(Node.java:8792)
	at javafx.controls/javafx.scene.control.Button.fire(Button.java:203)
	at javafx.controls/com.sun.javafx.scene.control.behavior.ButtonBehavior.mouseReleased(ButtonBehavior.java:208)
	at javafx.controls/com.sun.javafx.scene.control.inputmap.InputMap.handle(InputMap.java:274)
	at javafx.base/com.sun.javafx.event.CompositeEventHandler$NormalEventHandlerRecord.handleBubblingEvent(CompositeEventHandler.java:247)
	at javafx.base/com.sun.javafx.event.CompositeEventHandler.dispatchBubblingEvent(CompositeEventHandler.java:80)
	at javafx.base/com.sun.javafx.event.EventHandlerManager.dispatchBubblingEvent(EventHandlerManager.java:234)
	at javafx.base/com.sun.javafx.event.EventHandlerManager.dispatchBubblingEvent(EventHandlerManager.java:191)
	at javafx.base/com.sun.javafx.event.CompositeEventDispatcher.dispatchBubblingEvent(CompositeEventDispatcher.java:59)
	at javafx.base/com.sun.javafx.event.BasicEventDispatcher.dispatchEvent(BasicEventDispatcher.java:58)
	at javafx.base/com.sun.javafx.event.EventDispatchChainImpl.dispatchEvent(EventDispatchChainImpl.java:114)
	at javafx.base/com.sun.javafx.event.BasicEventDispatcher.dispatchEvent(BasicEventDispatcher.java:56)
	at javafx.base/com.sun.javafx.event.EventDispatchChainImpl.dispatchEvent(EventDispatchChainImpl.java:114)
	at javafx.base/com.sun.javafx.event.BasicEventDispatcher.dispatchEvent(BasicEventDispatcher.java:56)
	at javafx.base/com.sun.javafx.event.EventDispatchChainImpl.dispatchEvent(EventDispatchChainImpl.java:114)
	at javafx.base/com.sun.javafx.event.EventUtil.fireEventImpl(EventUtil.java:74)
	at javafx.base/com.sun.javafx.event.EventUtil.fireEvent(EventUtil.java:54)
	at javafx.base/javafx.event.Event.fireEvent(Event.java:198)
	at javafx.graphics/javafx.scene.Scene$MouseHandler.process(Scene.java:3897)
	at javafx.graphics/javafx.scene.Scene.processMouseEvent(Scene.java:1878)
	at javafx.graphics/javafx.scene.Scene$ScenePeerListener.mouseEvent(Scene.java:2623)
	at javafx.graphics/com.sun.javafx.tk.quantum.GlassViewEventHandler$MouseEventNotification.run(GlassViewEventHandler.java:411)
	at javafx.graphics/com.sun.javafx.tk.quantum.GlassViewEventHandler$MouseEventNotification.run(GlassViewEventHandler.java:301)
	at java.base/java.security.AccessController.doPrivileged(AccessController.java:399)
	at javafx.graphics/com.sun.javafx.tk.quantum.GlassViewEventHandler.lambda$handleMouseEvent$2(GlassViewEventHandler.java:450)
	at javafx.graphics/com.sun.javafx.tk.quantum.QuantumToolkit.runWithoutRenderLock(QuantumToolkit.java:423)
	at javafx.graphics/com.sun.javafx.tk.quantum.GlassViewEventHandler.handleMouseEvent(GlassViewEventHandler.java:449)
	at javafx.graphics/com.sun.glass.ui.View.handleMouseEvent(View.java:551)
	at javafx.graphics/com.sun.glass.ui.View.notifyMouse(View.java:937)
	at javafx.graphics/com.sun.glass.ui.win.WinApplication._runLoop(Native Method)
	at javafx.graphics/com.sun.glass.ui.win.WinApplication.lambda$runLoop$3(WinApplication.java:184)
	at java.base/java.lang.Thread.run(Thread.java:840)
2025-05-05 00:32:47.675 [JavaFX Application Thread] ERROR o.m.m.f.controller.MainController - Can not set java.sql.Time field org.medirec.medirec.backend.model.MedicalRecord.created_at to java.sql.Timestamp
2025-05-05 00:33:06.269 [JavaFX Application Thread] INFO  o.m.m.b.service.DatabaseService - getAll: retrieved 3 record(s) from patient
2025-05-05 00:33:06.304 [JavaFX Application Thread] INFO  o.m.m.b.service.DatabaseService - getAllInGroup: retrieved 1 record(s) from medical_record where patient_id=1
2025-05-05 00:51:17.145 [JavaFX Application Thread] INFO  o.m.m.backend.config.DatabaseConfig - Initializing HikariCP DataSource: url=jdbc:postgresql://postgresql.r6.websupport.sk:5432/vavadb, user=databazaVava
2025-05-05 00:51:17.152 [JavaFX Application Thread] INFO  com.zaxxer.hikari.HikariDataSource - MyHikariCP - Starting...
2025-05-05 00:51:17.897 [JavaFX Application Thread] INFO  com.zaxxer.hikari.pool.HikariPool - MyHikariCP - Added connection org.postgresql.jdbc.PgConnection@4521008b
2025-05-05 00:51:17.898 [JavaFX Application Thread] INFO  com.zaxxer.hikari.HikariDataSource - MyHikariCP - Start completed.
2025-05-05 00:51:17.898 [JavaFX Application Thread] INFO  o.m.m.backend.config.DatabaseConfig - HikariCP initialized. Pool name: MyHikariCP, MaxPoolSize: 20, MinimumIdle: 2
2025-05-05 00:51:17.940 [JavaFX Application Thread] INFO  o.m.m.backend.service.AuthService - User alice.smith@doc.com authenticated successfully with id=2
2025-05-05 00:51:17.949 [JavaFX Application Thread] INFO  o.m.m.f.controller.LoginController - Login successful, token=XsruhT8tPuSaQWYjJDv_oIsYpT2YXTDxFwNKZQUuJPg01wOs_ubFhQ
2025-05-05 00:51:17.959 [JavaFX Application Thread] INFO  com.backend.config.DatabaseConfig - Initializing HikariCP DataSource: url=jdbc:postgresql://postgresql.r6.websupport.sk:5432/vavadb, user=databazaVava
2025-05-05 00:51:17.960 [JavaFX Application Thread] INFO  com.zaxxer.hikari.HikariDataSource - MyHikariCP - Starting...
2025-05-05 00:51:18.313 [JavaFX Application Thread] INFO  com.zaxxer.hikari.pool.HikariPool - MyHikariCP - Added connection org.postgresql.jdbc.PgConnection@505b1e4c
2025-05-05 00:51:18.313 [JavaFX Application Thread] INFO  com.zaxxer.hikari.HikariDataSource - MyHikariCP - Start completed.
2025-05-05 00:51:18.313 [JavaFX Application Thread] INFO  com.backend.config.DatabaseConfig - HikariCP initialized. Pool name: MyHikariCP, MaxPoolSize: 20, MinimumIdle: 2
2025-05-05 00:51:18.347 [JavaFX Application Thread] INFO  o.m.m.b.service.DatabaseService - getOne: retrieved User with id=2
2025-05-05 00:51:18.347 [JavaFX Application Thread] INFO  o.m.m.f.controller.LoginController - Retrieved user: User(id=2, email=alice.smith@doc.com, password_hash=hash_doc1, role_id=2, doctor_id=1, doctor=null, role=null)
2025-05-05 00:51:18.384 [JavaFX Application Thread] INFO  o.m.m.b.service.DatabaseService - getOne: retrieved Role with id=2
2025-05-05 00:51:18.466 [JavaFX Application Thread] INFO  o.m.m.b.service.DatabaseService - getOne: retrieved Doctor with id=1
2025-05-05 00:51:18.500 [JavaFX Application Thread] INFO  o.m.m.b.service.DatabaseService - getAllInGroup: retrieved 1 record(s) from medical_record where doctor_id=1
2025-05-05 00:51:18.547 [JavaFX Application Thread] INFO  o.m.m.b.service.DatabaseService - getOne: retrieved Patient with id=1
2025-05-05 00:51:18.581 [JavaFX Application Thread] INFO  o.m.m.b.service.DatabaseService - getAllInGroup: retrieved 1 record(s) from record_diagnosis where medical_record_id=1
2025-05-05 00:51:18.617 [JavaFX Application Thread] INFO  o.m.m.b.service.DatabaseService - getOne: retrieved Diagnosis with id=1
2025-05-05 00:51:18.648 [JavaFX Application Thread] INFO  o.m.m.b.service.DatabaseService - getOne: retrieved DiagnosisType with id=1
2025-05-05 00:51:18.684 [JavaFX Application Thread] INFO  o.m.m.b.service.DatabaseService - getAllInGroup: retrieved 1 record(s) from prescription where medical_record_id=1
2025-05-05 00:51:18.717 [JavaFX Application Thread] INFO  o.m.m.b.service.DatabaseService - getOne: retrieved Medication with id=1
2025-05-05 00:51:18.753 [JavaFX Application Thread] INFO  o.m.m.b.service.DatabaseService - getAllInGroup: retrieved 3 record(s) from appointment where doctor_id=1
2025-05-05 00:51:18.787 [JavaFX Application Thread] INFO  o.m.m.b.service.DatabaseService - getOne: retrieved Patient with id=1
2025-05-05 00:51:18.822 [JavaFX Application Thread] INFO  o.m.m.b.service.DatabaseService - getOne: retrieved AppointmentStatus with id=1
2025-05-05 00:51:18.854 [JavaFX Application Thread] INFO  o.m.m.b.service.DatabaseService - getOne: retrieved Patient with id=4
2025-05-05 00:51:18.890 [JavaFX Application Thread] INFO  o.m.m.b.service.DatabaseService - getOne: retrieved AppointmentStatus with id=1
2025-05-05 00:51:18.927 [JavaFX Application Thread] INFO  o.m.m.b.service.DatabaseService - getOne: retrieved Patient with id=1
2025-05-05 00:51:18.959 [JavaFX Application Thread] INFO  o.m.m.b.service.DatabaseService - getOne: retrieved AppointmentStatus with id=1
2025-05-05 00:51:31.296 [JavaFX Application Thread] INFO  o.m.m.b.service.DatabaseService - getAll: retrieved 3 record(s) from patient
2025-05-05 00:51:31.331 [JavaFX Application Thread] INFO  o.m.m.b.service.DatabaseService - getAllInGroup: retrieved 1 record(s) from medical_record where patient_id=1
2025-05-05 00:56:11.667 [JavaFX Application Thread] INFO  o.m.m.backend.config.DatabaseConfig - Initializing HikariCP DataSource: url=jdbc:postgresql://postgresql.r6.websupport.sk:5432/vavadb, user=databazaVava
2025-05-05 00:56:11.673 [JavaFX Application Thread] INFO  com.zaxxer.hikari.HikariDataSource - MyHikariCP - Starting...
2025-05-05 00:56:12.331 [JavaFX Application Thread] INFO  com.zaxxer.hikari.pool.HikariPool - MyHikariCP - Added connection org.postgresql.jdbc.PgConnection@4521008b
2025-05-05 00:56:12.332 [JavaFX Application Thread] INFO  com.zaxxer.hikari.HikariDataSource - MyHikariCP - Start completed.
2025-05-05 00:56:12.332 [JavaFX Application Thread] INFO  o.m.m.backend.config.DatabaseConfig - HikariCP initialized. Pool name: MyHikariCP, MaxPoolSize: 20, MinimumIdle: 2
2025-05-05 00:56:12.371 [JavaFX Application Thread] WARN  o.m.m.backend.service.AuthService - Authentication failed for email=alice.smith@doc.com
2025-05-05 00:56:18.395 [JavaFX Application Thread] WARN  o.m.m.backend.service.AuthService - Authentication failed for email=alice.smith@doc.com
2025-05-05 00:56:24.635 [JavaFX Application Thread] WARN  o.m.m.backend.service.AuthService - Authentication failed for email=alice.smith@doc.com
2025-05-05 00:56:31.965 [JavaFX Application Thread] INFO  o.m.m.backend.service.AuthService - User alice.smith@doc.com authenticated successfully with id=2
2025-05-05 00:56:31.968 [JavaFX Application Thread] INFO  o.m.m.f.controller.LoginController - Login successful, token=i0wNcRXIhghURDSYcddFuGjbVUfg8z0sQRZ4u1H7mAbtI3prOLR0Xw
2025-05-05 00:56:31.977 [JavaFX Application Thread] INFO  com.backend.config.DatabaseConfig - Initializing HikariCP DataSource: url=jdbc:postgresql://postgresql.r6.websupport.sk:5432/vavadb, user=databazaVava
2025-05-05 00:56:31.977 [JavaFX Application Thread] INFO  com.zaxxer.hikari.HikariDataSource - MyHikariCP - Starting...
2025-05-05 00:56:32.322 [JavaFX Application Thread] INFO  com.zaxxer.hikari.pool.HikariPool - MyHikariCP - Added connection org.postgresql.jdbc.PgConnection@7eb3332c
2025-05-05 00:56:32.323 [JavaFX Application Thread] INFO  com.zaxxer.hikari.HikariDataSource - MyHikariCP - Start completed.
2025-05-05 00:56:32.324 [JavaFX Application Thread] INFO  com.backend.config.DatabaseConfig - HikariCP initialized. Pool name: MyHikariCP, MaxPoolSize: 20, MinimumIdle: 2
2025-05-05 00:56:32.359 [JavaFX Application Thread] INFO  o.m.m.b.service.DatabaseService - getOne: retrieved User with id=2
2025-05-05 00:56:32.360 [JavaFX Application Thread] INFO  o.m.m.f.controller.LoginController - Retrieved user: User(id=2, email=alice.smith@doc.com, password_hash=hash_doc1, role_id=2, doctor_id=1, doctor=null, role=null)
2025-05-05 00:56:32.412 [JavaFX Application Thread] INFO  o.m.m.b.service.DatabaseService - getOne: retrieved Role with id=2
2025-05-05 00:56:32.484 [JavaFX Application Thread] INFO  o.m.m.b.service.DatabaseService - getOne: retrieved Doctor with id=1
2025-05-05 00:56:32.522 [JavaFX Application Thread] INFO  o.m.m.b.service.DatabaseService - getAllInGroup: retrieved 1 record(s) from medical_record where doctor_id=1
2025-05-05 00:56:32.559 [JavaFX Application Thread] INFO  o.m.m.b.service.DatabaseService - getOne: retrieved Patient with id=1
2025-05-05 00:56:32.595 [JavaFX Application Thread] INFO  o.m.m.b.service.DatabaseService - getAllInGroup: retrieved 1 record(s) from record_diagnosis where medical_record_id=1
2025-05-05 00:56:32.629 [JavaFX Application Thread] INFO  o.m.m.b.service.DatabaseService - getOne: retrieved Diagnosis with id=1
2025-05-05 00:56:32.662 [JavaFX Application Thread] INFO  o.m.m.b.service.DatabaseService - getOne: retrieved DiagnosisType with id=1
2025-05-05 00:56:32.697 [JavaFX Application Thread] INFO  o.m.m.b.service.DatabaseService - getAllInGroup: retrieved 1 record(s) from prescription where medical_record_id=1
2025-05-05 00:56:32.733 [JavaFX Application Thread] INFO  o.m.m.b.service.DatabaseService - getOne: retrieved Medication with id=1
2025-05-05 00:56:32.773 [JavaFX Application Thread] INFO  o.m.m.b.service.DatabaseService - getAllInGroup: retrieved 3 record(s) from appointment where doctor_id=1
2025-05-05 00:56:32.810 [JavaFX Application Thread] INFO  o.m.m.b.service.DatabaseService - getOne: retrieved Patient with id=1
2025-05-05 00:56:32.842 [JavaFX Application Thread] INFO  o.m.m.b.service.DatabaseService - getOne: retrieved AppointmentStatus with id=1
2025-05-05 00:56:32.881 [JavaFX Application Thread] INFO  o.m.m.b.service.DatabaseService - getOne: retrieved Patient with id=4
2025-05-05 00:56:32.913 [JavaFX Application Thread] INFO  o.m.m.b.service.DatabaseService - getOne: retrieved AppointmentStatus with id=1
2025-05-05 00:56:32.950 [JavaFX Application Thread] INFO  o.m.m.b.service.DatabaseService - getOne: retrieved Patient with id=1
2025-05-05 00:56:32.982 [JavaFX Application Thread] INFO  o.m.m.b.service.DatabaseService - getOne: retrieved AppointmentStatus with id=1
2025-05-05 00:56:38.760 [JavaFX Application Thread] INFO  o.m.m.b.service.DatabaseService - getAll: retrieved 3 record(s) from patient
2025-05-05 00:56:38.792 [JavaFX Application Thread] INFO  o.m.m.b.service.DatabaseService - getAllInGroup: retrieved 1 record(s) from medical_record where patient_id=1
2025-05-05 00:57:41.363 [JavaFX Application Thread] INFO  o.m.m.backend.config.DatabaseConfig - Initializing HikariCP DataSource: url=jdbc:postgresql://postgresql.r6.websupport.sk:5432/vavadb, user=databazaVava
2025-05-05 00:57:41.369 [JavaFX Application Thread] INFO  com.zaxxer.hikari.HikariDataSource - MyHikariCP - Starting...
2025-05-05 00:57:42.067 [JavaFX Application Thread] INFO  com.zaxxer.hikari.pool.HikariPool - MyHikariCP - Added connection org.postgresql.jdbc.PgConnection@4521008b
2025-05-05 00:57:42.068 [JavaFX Application Thread] INFO  com.zaxxer.hikari.HikariDataSource - MyHikariCP - Start completed.
2025-05-05 00:57:42.069 [JavaFX Application Thread] INFO  o.m.m.backend.config.DatabaseConfig - HikariCP initialized. Pool name: MyHikariCP, MaxPoolSize: 20, MinimumIdle: 2
2025-05-05 00:57:42.116 [JavaFX Application Thread] INFO  o.m.m.backend.service.AuthService - User alice.smith@doc.com authenticated successfully with id=2
2025-05-05 00:57:42.122 [JavaFX Application Thread] INFO  o.m.m.f.controller.LoginController - Login successful, token=KvUEgkJ41ivPBKzVIZk5MN-NlB6dymfyCm_niAOt7wcobhrxc5imYQ
2025-05-05 00:57:42.130 [JavaFX Application Thread] INFO  com.backend.config.DatabaseConfig - Initializing HikariCP DataSource: url=jdbc:postgresql://postgresql.r6.websupport.sk:5432/vavadb, user=databazaVava
2025-05-05 00:57:42.130 [JavaFX Application Thread] INFO  com.zaxxer.hikari.HikariDataSource - MyHikariCP - Starting...
2025-05-05 00:57:42.512 [JavaFX Application Thread] INFO  com.zaxxer.hikari.pool.HikariPool - MyHikariCP - Added connection org.postgresql.jdbc.PgConnection@505b1e4c
2025-05-05 00:57:42.512 [JavaFX Application Thread] INFO  com.zaxxer.hikari.HikariDataSource - MyHikariCP - Start completed.
2025-05-05 00:57:42.512 [JavaFX Application Thread] INFO  com.backend.config.DatabaseConfig - HikariCP initialized. Pool name: MyHikariCP, MaxPoolSize: 20, MinimumIdle: 2
2025-05-05 00:57:42.547 [JavaFX Application Thread] INFO  o.m.m.b.service.DatabaseService - getOne: retrieved User with id=2
2025-05-05 00:57:42.548 [JavaFX Application Thread] INFO  o.m.m.f.controller.LoginController - Retrieved user: User(id=2, email=alice.smith@doc.com, password_hash=hash_doc1, role_id=2, doctor_id=1, doctor=null, role=null)
2025-05-05 00:57:42.600 [JavaFX Application Thread] INFO  o.m.m.b.service.DatabaseService - getOne: retrieved Role with id=2
2025-05-05 00:57:42.671 [JavaFX Application Thread] INFO  o.m.m.b.service.DatabaseService - getOne: retrieved Doctor with id=1
2025-05-05 00:57:42.705 [JavaFX Application Thread] INFO  o.m.m.b.service.DatabaseService - getAllInGroup: retrieved 1 record(s) from medical_record where doctor_id=1
2025-05-05 00:57:42.744 [JavaFX Application Thread] INFO  o.m.m.b.service.DatabaseService - getOne: retrieved Patient with id=1
2025-05-05 00:57:42.777 [JavaFX Application Thread] INFO  o.m.m.b.service.DatabaseService - getAllInGroup: retrieved 1 record(s) from record_diagnosis where medical_record_id=1
2025-05-05 00:57:42.810 [JavaFX Application Thread] INFO  o.m.m.b.service.DatabaseService - getOne: retrieved Diagnosis with id=1
2025-05-05 00:57:42.844 [JavaFX Application Thread] INFO  o.m.m.b.service.DatabaseService - getOne: retrieved DiagnosisType with id=1
2025-05-05 00:57:42.879 [JavaFX Application Thread] INFO  o.m.m.b.service.DatabaseService - getAllInGroup: retrieved 1 record(s) from prescription where medical_record_id=1
2025-05-05 00:57:42.911 [JavaFX Application Thread] INFO  o.m.m.b.service.DatabaseService - getOne: retrieved Medication with id=1
2025-05-05 00:57:42.945 [JavaFX Application Thread] INFO  o.m.m.b.service.DatabaseService - getAllInGroup: retrieved 3 record(s) from appointment where doctor_id=1
2025-05-05 00:57:42.979 [JavaFX Application Thread] INFO  o.m.m.b.service.DatabaseService - getOne: retrieved Patient with id=1
2025-05-05 00:57:43.012 [JavaFX Application Thread] INFO  o.m.m.b.service.DatabaseService - getOne: retrieved AppointmentStatus with id=1
2025-05-05 00:57:43.046 [JavaFX Application Thread] INFO  o.m.m.b.service.DatabaseService - getOne: retrieved Patient with id=4
2025-05-05 00:57:43.081 [JavaFX Application Thread] INFO  o.m.m.b.service.DatabaseService - getOne: retrieved AppointmentStatus with id=1
2025-05-05 00:57:43.116 [JavaFX Application Thread] INFO  o.m.m.b.service.DatabaseService - getOne: retrieved Patient with id=1
2025-05-05 00:57:43.148 [JavaFX Application Thread] INFO  o.m.m.b.service.DatabaseService - getOne: retrieved AppointmentStatus with id=1
2025-05-05 00:57:47.397 [JavaFX Application Thread] INFO  o.m.m.b.service.DatabaseService - getAll: retrieved 3 record(s) from patient
2025-05-05 00:57:47.437 [JavaFX Application Thread] INFO  o.m.m.b.service.DatabaseService - getAllInGroup: retrieved 1 record(s) from medical_record where patient_id=1
2025-05-05 00:57:59.369 [JavaFX Application Thread] INFO  o.m.m.b.service.DatabaseService - getAll: retrieved 3 record(s) from patient
2025-05-05 00:57:59.403 [JavaFX Application Thread] INFO  o.m.m.b.service.DatabaseService - getAllInGroup: retrieved 1 record(s) from medical_record where patient_id=2
2025-05-05 01:00:27.144 [JavaFX Application Thread] INFO  o.m.m.backend.config.DatabaseConfig - Initializing HikariCP DataSource: url=jdbc:postgresql://postgresql.r6.websupport.sk:5432/vavadb, user=databazaVava
2025-05-05 01:00:27.150 [JavaFX Application Thread] INFO  com.zaxxer.hikari.HikariDataSource - MyHikariCP - Starting...
2025-05-05 01:00:27.851 [JavaFX Application Thread] INFO  com.zaxxer.hikari.pool.HikariPool - MyHikariCP - Added connection org.postgresql.jdbc.PgConnection@4521008b
2025-05-05 01:00:27.853 [JavaFX Application Thread] INFO  com.zaxxer.hikari.HikariDataSource - MyHikariCP - Start completed.
2025-05-05 01:00:27.853 [JavaFX Application Thread] INFO  o.m.m.backend.config.DatabaseConfig - HikariCP initialized. Pool name: MyHikariCP, MaxPoolSize: 20, MinimumIdle: 2
2025-05-05 01:00:27.898 [JavaFX Application Thread] WARN  o.m.m.backend.service.AuthService - Authentication failed for email=alice.smith@doc.com
2025-05-05 01:00:33.027 [JavaFX Application Thread] INFO  o.m.m.backend.service.AuthService - User alice.smith@doc.com authenticated successfully with id=2
2025-05-05 01:00:33.029 [JavaFX Application Thread] INFO  o.m.m.f.controller.LoginController - Login successful, token=chFtgoCkgQdZSpzF18L78pgC4rvXUIkABjx_NCYQCgk2Q3t2NYS4uQ
2025-05-05 01:00:33.035 [JavaFX Application Thread] INFO  com.backend.config.DatabaseConfig - Initializing HikariCP DataSource: url=jdbc:postgresql://postgresql.r6.websupport.sk:5432/vavadb, user=databazaVava
2025-05-05 01:00:33.035 [JavaFX Application Thread] INFO  com.zaxxer.hikari.HikariDataSource - MyHikariCP - Starting...
2025-05-05 01:00:33.382 [JavaFX Application Thread] INFO  com.zaxxer.hikari.pool.HikariPool - MyHikariCP - Added connection org.postgresql.jdbc.PgConnection@7bf16bb7
2025-05-05 01:00:33.382 [JavaFX Application Thread] INFO  com.zaxxer.hikari.HikariDataSource - MyHikariCP - Start completed.
2025-05-05 01:00:33.383 [JavaFX Application Thread] INFO  com.backend.config.DatabaseConfig - HikariCP initialized. Pool name: MyHikariCP, MaxPoolSize: 20, MinimumIdle: 2
2025-05-05 01:00:33.435 [JavaFX Application Thread] INFO  o.m.m.b.service.DatabaseService - getOne: retrieved User with id=2
2025-05-05 01:00:33.435 [JavaFX Application Thread] INFO  o.m.m.f.controller.LoginController - Retrieved user: User(id=2, email=alice.smith@doc.com, password_hash=hash_doc1, role_id=2, doctor_id=1, doctor=null, role=null)
2025-05-05 01:00:33.476 [JavaFX Application Thread] INFO  o.m.m.b.service.DatabaseService - getOne: retrieved Role with id=2
2025-05-05 01:00:33.527 [JavaFX Application Thread] INFO  o.m.m.b.service.DatabaseService - getOne: retrieved Doctor with id=1
2025-05-05 01:00:33.562 [JavaFX Application Thread] INFO  o.m.m.b.service.DatabaseService - getAllInGroup: retrieved 1 record(s) from medical_record where doctor_id=1
2025-05-05 01:00:33.599 [JavaFX Application Thread] INFO  o.m.m.b.service.DatabaseService - getOne: retrieved Patient with id=1
2025-05-05 01:00:33.634 [JavaFX Application Thread] INFO  o.m.m.b.service.DatabaseService - getAllInGroup: retrieved 1 record(s) from record_diagnosis where medical_record_id=1
2025-05-05 01:00:33.669 [JavaFX Application Thread] INFO  o.m.m.b.service.DatabaseService - getOne: retrieved Diagnosis with id=1
2025-05-05 01:00:33.702 [JavaFX Application Thread] INFO  o.m.m.b.service.DatabaseService - getOne: retrieved DiagnosisType with id=1
2025-05-05 01:00:33.736 [JavaFX Application Thread] INFO  o.m.m.b.service.DatabaseService - getAllInGroup: retrieved 1 record(s) from prescription where medical_record_id=1
2025-05-05 01:00:33.775 [JavaFX Application Thread] INFO  o.m.m.b.service.DatabaseService - getOne: retrieved Medication with id=1
2025-05-05 01:00:33.815 [JavaFX Application Thread] INFO  o.m.m.b.service.DatabaseService - getAllInGroup: retrieved 3 record(s) from appointment where doctor_id=1
2025-05-05 01:00:33.852 [JavaFX Application Thread] INFO  o.m.m.b.service.DatabaseService - getOne: retrieved Patient with id=1
2025-05-05 01:00:33.885 [JavaFX Application Thread] INFO  o.m.m.b.service.DatabaseService - getOne: retrieved AppointmentStatus with id=1
2025-05-05 01:00:33.919 [JavaFX Application Thread] INFO  o.m.m.b.service.DatabaseService - getOne: retrieved Patient with id=4
2025-05-05 01:00:33.950 [JavaFX Application Thread] INFO  o.m.m.b.service.DatabaseService - getOne: retrieved AppointmentStatus with id=1
2025-05-05 01:00:33.992 [JavaFX Application Thread] INFO  o.m.m.b.service.DatabaseService - getOne: retrieved Patient with id=1
2025-05-05 01:00:34.024 [JavaFX Application Thread] INFO  o.m.m.b.service.DatabaseService - getOne: retrieved AppointmentStatus with id=1
2025-05-05 01:00:38.004 [JavaFX Application Thread] INFO  o.m.m.b.service.DatabaseService - getAll: retrieved 3 record(s) from patient
2025-05-05 01:00:38.040 [JavaFX Application Thread] INFO  o.m.m.b.service.DatabaseService - getAllInGroup: retrieved 1 record(s) from medical_record where patient_id=1
2025-05-05 01:17:06.853 [JavaFX Application Thread] INFO  o.m.m.backend.config.DatabaseConfig - Initializing HikariCP DataSource: url=jdbc:postgresql://postgresql.r6.websupport.sk:5432/vavadb, user=databazaVava
2025-05-05 01:17:06.863 [JavaFX Application Thread] INFO  com.zaxxer.hikari.HikariDataSource - MyHikariCP - Starting...
2025-05-05 01:17:07.558 [JavaFX Application Thread] INFO  com.zaxxer.hikari.pool.HikariPool - MyHikariCP - Added connection org.postgresql.jdbc.PgConnection@17f485fc
2025-05-05 01:17:07.560 [JavaFX Application Thread] INFO  com.zaxxer.hikari.HikariDataSource - MyHikariCP - Start completed.
2025-05-05 01:17:07.560 [JavaFX Application Thread] INFO  o.m.m.backend.config.DatabaseConfig - HikariCP initialized. Pool name: MyHikariCP, MaxPoolSize: 20, MinimumIdle: 2
2025-05-05 01:17:07.604 [JavaFX Application Thread] INFO  o.m.m.backend.service.AuthService - User alice.smith@doc.com authenticated successfully with id=2
2025-05-05 01:17:07.612 [JavaFX Application Thread] INFO  o.m.m.f.controller.LoginController - Login successful, token=-YSUrstwQB5w4T61C3KFl0Zxh0-lRKqOCCEG9POgg93YhbmZJgNdmA
2025-05-05 01:17:07.619 [JavaFX Application Thread] INFO  com.backend.config.DatabaseConfig - Initializing HikariCP DataSource: url=jdbc:postgresql://postgresql.r6.websupport.sk:5432/vavadb, user=databazaVava
2025-05-05 01:17:07.619 [JavaFX Application Thread] INFO  com.zaxxer.hikari.HikariDataSource - MyHikariCP - Starting...
2025-05-05 01:17:07.967 [JavaFX Application Thread] INFO  com.zaxxer.hikari.pool.HikariPool - MyHikariCP - Added connection org.postgresql.jdbc.PgConnection@28959a0f
2025-05-05 01:17:07.967 [JavaFX Application Thread] INFO  com.zaxxer.hikari.HikariDataSource - MyHikariCP - Start completed.
2025-05-05 01:17:07.967 [JavaFX Application Thread] INFO  com.backend.config.DatabaseConfig - HikariCP initialized. Pool name: MyHikariCP, MaxPoolSize: 20, MinimumIdle: 2
2025-05-05 01:17:08.004 [JavaFX Application Thread] INFO  o.m.m.b.service.DatabaseService - getOne: retrieved User with id=2
2025-05-05 01:17:08.004 [JavaFX Application Thread] INFO  o.m.m.f.controller.LoginController - Retrieved user: User(id=2, email=alice.smith@doc.com, password_hash=hash_doc1, role_id=2, doctor_id=1, doctor=null, role=null)
2025-05-05 01:17:08.042 [JavaFX Application Thread] INFO  o.m.m.b.service.DatabaseService - getOne: retrieved Role with id=2
2025-05-05 01:17:08.102 [JavaFX Application Thread] INFO  o.m.m.b.service.DatabaseService - getOne: retrieved Doctor with id=1
2025-05-05 01:17:08.137 [JavaFX Application Thread] INFO  o.m.m.b.service.DatabaseService - getAllInGroup: retrieved 1 record(s) from medical_record where doctor_id=1
2025-05-05 01:17:08.192 [JavaFX Application Thread] INFO  o.m.m.b.service.DatabaseService - getOne: retrieved Patient with id=1
2025-05-05 01:17:08.226 [JavaFX Application Thread] INFO  o.m.m.b.service.DatabaseService - getAllInGroup: retrieved 1 record(s) from record_diagnosis where medical_record_id=1
2025-05-05 01:17:08.259 [JavaFX Application Thread] INFO  o.m.m.b.service.DatabaseService - getOne: retrieved Diagnosis with id=1
2025-05-05 01:17:08.291 [JavaFX Application Thread] INFO  o.m.m.b.service.DatabaseService - getOne: retrieved DiagnosisType with id=1
2025-05-05 01:17:08.325 [JavaFX Application Thread] INFO  o.m.m.b.service.DatabaseService - getAllInGroup: retrieved 1 record(s) from prescription where medical_record_id=1
2025-05-05 01:17:08.361 [JavaFX Application Thread] INFO  o.m.m.b.service.DatabaseService - getOne: retrieved Medication with id=1
2025-05-05 01:17:08.398 [JavaFX Application Thread] INFO  o.m.m.b.service.DatabaseService - getAllInGroup: retrieved 3 record(s) from appointment where doctor_id=1
2025-05-05 01:17:08.434 [JavaFX Application Thread] INFO  o.m.m.b.service.DatabaseService - getOne: retrieved Patient with id=1
2025-05-05 01:17:08.465 [JavaFX Application Thread] INFO  o.m.m.b.service.DatabaseService - getOne: retrieved AppointmentStatus with id=1
2025-05-05 01:17:08.499 [JavaFX Application Thread] INFO  o.m.m.b.service.DatabaseService - getOne: retrieved Patient with id=4
2025-05-05 01:17:08.536 [JavaFX Application Thread] INFO  o.m.m.b.service.DatabaseService - getOne: retrieved AppointmentStatus with id=1
2025-05-05 01:17:08.573 [JavaFX Application Thread] INFO  o.m.m.b.service.DatabaseService - getOne: retrieved Patient with id=1
2025-05-05 01:17:08.604 [JavaFX Application Thread] INFO  o.m.m.b.service.DatabaseService - getOne: retrieved AppointmentStatus with id=1
2025-05-05 01:17:14.604 [JavaFX Application Thread] INFO  o.m.m.b.service.DatabaseService - getAll: retrieved 3 record(s) from patient
2025-05-05 01:17:14.640 [JavaFX Application Thread] INFO  o.m.m.b.service.DatabaseService - getAllInGroup: retrieved 1 record(s) from medical_record where patient_id=1
